<?xml version="1.0" encoding="UTF-8"?>
<!-- Generated by org.testng.reporters.JUnitReportReporter -->
<testsuite hostname="DESKTOP-HKL7VAV" name="mystoreTestng.mystoehappypath" tests="1" failures="0" timestamp="26 Feb 2020 06:36:13 GMT" time="202.156" errors="0">
  <testcase name="mystoretestflow" time="202.156" classname="mystoreTestng.mystoehappypath"/>
</testsuite> <!-- mystoreTestng.mystoehappypath -->
