<?xml version="1.0" encoding="UTF-8"?>
<!-- Generated by org.testng.reporters.JUnitReportReporter -->
<testsuite hostname="DESKTOP-HKL7VAV" name="mystoreTestng.MystoreRegistrationPageTest" tests="19" failures="0" timestamp="26 Feb 2020 08:25:02 GMT" time="75.386" errors="0">
  <testcase name="addressTest" time="3.134" classname="mystoreTestng.MystoreRegistrationPageTest"/>
  <testcase name="creataccountTest" time="4.151" classname="mystoreTestng.MystoreRegistrationPageTest"/>
  <testcase name="emailaddressTest" time="3.485" classname="mystoreTestng.MystoreRegistrationPageTest"/>
  <testcase name="address2Test" time="3.260" classname="mystoreTestng.MystoreRegistrationPageTest"/>
  <testcase name="dobTest" time="9.441" classname="mystoreTestng.MystoreRegistrationPageTest"/>
  <testcase name="registerTest" time="5.536" classname="mystoreTestng.MystoreRegistrationPageTest"/>
  <testcase name="titleTest" time="4.124" classname="mystoreTestng.MystoreRegistrationPageTest"/>
  <testcase name="comanyNameTest" time="3.160" classname="mystoreTestng.MystoreRegistrationPageTest"/>
  <testcase name="checkboxTest" time="6.261" classname="mystoreTestng.MystoreRegistrationPageTest"/>
  <testcase name="assignTest" time="3.205" classname="mystoreTestng.MystoreRegistrationPageTest"/>
  <testcase name="lastnameTest" time="3.157" classname="mystoreTestng.MystoreRegistrationPageTest"/>
  <testcase name="cityTest" time="3.144" classname="mystoreTestng.MystoreRegistrationPageTest"/>
  <testcase name="homeTest" time="3.169" classname="mystoreTestng.MystoreRegistrationPageTest"/>
  <testcase name="adTest" time="3.160" classname="mystoreTestng.MystoreRegistrationPageTest"/>
  <testcase name="dropdownTest" time="3.236" classname="mystoreTestng.MystoreRegistrationPageTest"/>
  <testcase name="firstnameTest" time="4.157" classname="mystoreTestng.MystoreRegistrationPageTest"/>
  <testcase name="passwordTest" time="3.178" classname="mystoreTestng.MystoreRegistrationPageTest"/>
  <testcase name="phonTest" time="3.218" classname="mystoreTestng.MystoreRegistrationPageTest"/>
  <testcase name="postcodTest" time="3.210" classname="mystoreTestng.MystoreRegistrationPageTest"/>
</testsuite> <!-- mystoreTestng.MystoreRegistrationPageTest -->
