<?xml version="1.0" encoding="UTF-8"?>
<!-- Generated by org.testng.reporters.JUnitReportReporter -->
<testsuite hostname="DESKTOP-HKL7VAV" name="mystoreTestng.mystoreHappypath" tests="1" failures="0" timestamp="29 Feb 2020 03:27:57 GMT" time="240.355" errors="0">
  <testcase name="mystoreflow" time="240.355" classname="mystoreTestng.mystoreHappypath"/>
</testsuite> <!-- mystoreTestng.mystoreHappypath -->
