<?xml version="1.0" encoding="UTF-8"?>
<!-- Generated by org.testng.reporters.JUnitReportReporter -->
<testsuite hostname="DESKTOP-HKL7VAV" name="mystoreTestng.NewTest" tests="1" failures="0" timestamp="29 Feb 2020 04:15:26 GMT" time="0.031" errors="0">
  <testcase name="setup" time="0.031" classname="mystoreTestng.NewTest"/>
</testsuite> <!-- mystoreTestng.NewTest -->
